Started GET "/" for ::1 at 2025-03-07 05:27:25 +0900
  [1m[35m (2.0ms)[0m  [1m[35mCREATE TABLE "schema_migrations" ("version" varchar NOT NULL PRIMARY KEY)[0m
  [1m[35m (0.3ms)[0m  [1m[35mCREATE TABLE "ar_internal_metadata" ("key" varchar NOT NULL PRIMARY KEY, "value" varchar, "created_at" datetime(6) NOT NULL, "updated_at" datetime(6) NOT NULL)[0m
  [1m[36mActiveRecord::SchemaMigration Load (0.2ms)[0m  [1m[34mSELECT "schema_migrations"."version" FROM "schema_migrations" ORDER BY "schema_migrations"."version" ASC[0m
Processing by Rails::WelcomeController#index as HTML
  Rendering C:/Ruby31-x64/lib/ruby/gems/3.1.0/gems/railties-7.2.2.1/lib/rails/templates/rails/welcome/index.html.erb
  Rendered C:/Ruby31-x64/lib/ruby/gems/3.1.0/gems/railties-7.2.2.1/lib/rails/templates/rails/welcome/index.html.erb (Duration: 2.2ms | GC: 0.0ms)
Completed 200 OK in 97ms (Views: 23.8ms | ActiveRecord: 0.0ms (0 queries, 0 cached) | GC: 0.0ms)


Started GET "/" for ::1 at 2025-03-07 05:31:48 +0900
Processing by HomeController#top as HTML
  Rendering layout layouts/application.html.erb
  Rendering home/top.html.erb within layouts/application
  Rendered home/top.html.erb within layouts/application (Duration: 1.4ms | GC: 0.0ms)
  Rendered layout layouts/application.html.erb (Duration: 1342.3ms | GC: 0.0ms)
Completed 500 Internal Server Error in 1493ms (ActiveRecord: 0.0ms (0 queries, 0 cached) | GC: 0.0ms)


  
ActionView::Template::Error (Permission denied @ rb_file_s_rename - (C:/git/rails-practice/tmp/cache/assets/sprockets/v4.0.0/5i/5icK5dnWG3fhjczkIeRwdhurz4HLVk4-X9vb7nS80zo.cache.28160.14128.987387, C:/git/rails-practice/tmp/cache/assets/sprockets/v4.0.0/5i/5icK5dnWG3fhjczkIeRwdhurz4HLVk4-X9vb7nS80zo.cache)):

Causes:
Errno::EACCES (Permission denied @ rb_file_s_rename - (C:/git/rails-practice/tmp/cache/assets/sprockets/v4.0.0/5i/5icK5dnWG3fhjczkIeRwdhurz4HLVk4-X9vb7nS80zo.cache.28160.14128.987387, C:/git/rails-practice/tmp/cache/assets/sprockets/v4.0.0/5i/5icK5dnWG3fhjczkIeRwdhurz4HLVk4-X9vb7nS80zo.cache))
  
sprockets (4.2.1) lib/sprockets/path_utils.rb:362:in `rename'
sprockets (4.2.1) lib/sprockets/path_utils.rb:362:in `atomic_write'
sprockets (4.2.1) lib/sprockets/cache/file_store.rb:112:in `set'
sprockets (4.2.1) lib/sprockets/cache.rb:227:in `set'
sprockets (4.2.1) lib/sprockets/cache.rb:143:in `set'
sprockets (4.2.1) lib/sprockets/loader.rb:265:in `store_asset'
sprockets (4.2.1) lib/sprockets/loader.rb:228:in `load_from_unloaded'
sprockets (4.2.1) lib/sprockets/loader.rb:59:in `block in load'
sprockets (4.2.1) lib/sprockets/loader.rb:339:in `fetch_asset_from_dependency_cache'
sprockets (4.2.1) lib/sprockets/loader.rb:43:in `load'
sprockets (4.2.1) lib/sprockets/cached_environment.rb:44:in `block in load'
concurrent-ruby (1.3.5) lib/concurrent-ruby/concurrent/map.rb:207:in `block in fetch_or_store'
concurrent-ruby (1.3.5) lib/concurrent-ruby/concurrent/map.rb:187:in `fetch'
concurrent-ruby (1.3.5) lib/concurrent-ruby/concurrent/map.rb:206:in `fetch_or_store'
sprockets (4.2.1) lib/sprockets/cached_environment.rb:44:in `load'
sprockets (4.2.1) lib/sprockets/bundle.rb:27:in `call'
sprockets (4.2.1) lib/sprockets/processor_utils.rb:84:in `call_processor'
sprockets (4.2.1) lib/sprockets/processor_utils.rb:66:in `block in call_processors'
sprockets (4.2.1) lib/sprockets/processor_utils.rb:65:in `reverse_each'
sprockets (4.2.1) lib/sprockets/processor_utils.rb:65:in `call_processors'
sprockets (4.2.1) lib/sprockets/loader.rb:184:in `load_from_unloaded'
sprockets (4.2.1) lib/sprockets/loader.rb:59:in `block in load'
sprockets (4.2.1) lib/sprockets/loader.rb:339:in `fetch_asset_from_dependency_cache'
sprockets (4.2.1) lib/sprockets/loader.rb:43:in `load'
sprockets (4.2.1) lib/sprockets/cached_environment.rb:44:in `block in load'
concurrent-ruby (1.3.5) lib/concurrent-ruby/concurrent/map.rb:207:in `block in fetch_or_store'
concurrent-ruby (1.3.5) lib/concurrent-ruby/concurrent/map.rb:187:in `fetch'
concurrent-ruby (1.3.5) lib/concurrent-ruby/concurrent/map.rb:206:in `fetch_or_store'
sprockets (4.2.1) lib/sprockets/cached_environment.rb:44:in `load'
sprockets (4.2.1) lib/sprockets/bundle.rb:32:in `block in call'
C:/Ruby31-x64/lib/ruby/3.1.0/set.rb:511:in `each_key'
C:/Ruby31-x64/lib/ruby/3.1.0/set.rb:511:in `each'
sprockets (4.2.1) lib/sprockets/bundle.rb:31:in `call'
sprockets (4.2.1) lib/sprockets/processor_utils.rb:84:in `call_processor'
sprockets (4.2.1) lib/sprockets/processor_utils.rb:66:in `block in call_processors'
sprockets (4.2.1) lib/sprockets/processor_utils.rb:65:in `reverse_each'
sprockets (4.2.1) lib/sprockets/processor_utils.rb:65:in `call_processors'
sprockets (4.2.1) lib/sprockets/loader.rb:184:in `load_from_unloaded'
sprockets (4.2.1) lib/sprockets/loader.rb:59:in `block in load'
sprockets (4.2.1) lib/sprockets/loader.rb:339:in `fetch_asset_from_dependency_cache'
sprockets (4.2.1) lib/sprockets/loader.rb:43:in `load'
sprockets (4.2.1) lib/sprockets/cached_environment.rb:44:in `block in load'
concurrent-ruby (1.3.5) lib/concurrent-ruby/concurrent/map.rb:207:in `block in fetch_or_store'
concurrent-ruby (1.3.5) lib/concurrent-ruby/concurrent/map.rb:187:in `fetch'
concurrent-ruby (1.3.5) lib/concurrent-ruby/concurrent/map.rb:206:in `fetch_or_store'
sprockets (4.2.1) lib/sprockets/cached_environment.rb:44:in `load'
sprockets (4.2.1) lib/sprockets/base.rb:81:in `find_asset'
sprockets (4.2.1) lib/sprockets/base.rb:88:in `find_all_linked_assets'
sprockets (4.2.1) lib/sprockets/manifest.rb:125:in `each'
sprockets (4.2.1) lib/sprockets/manifest.rb:125:in `to_a'
sprockets (4.2.1) lib/sprockets/manifest.rb:125:in `block (2 levels) in find'
concurrent-ruby (1.3.5) lib/concurrent-ruby/concurrent/executor/safe_task_executor.rb:24:in `block in execute'
concurrent-ruby (1.3.5) lib/concurrent-ruby/concurrent/synchronization/mutex_lockable_object.rb:48:in `block in synchronize'
concurrent-ruby (1.3.5) lib/concurrent-ruby/concurrent/synchronization/mutex_lockable_object.rb:48:in `synchronize'
concurrent-ruby (1.3.5) lib/concurrent-ruby/concurrent/synchronization/mutex_lockable_object.rb:48:in `synchronize'
concurrent-ruby (1.3.5) lib/concurrent-ruby/concurrent/executor/safe_task_executor.rb:22:in `execute'
concurrent-ruby (1.3.5) lib/concurrent-ruby/concurrent/promise.rb:564:in `block in realize'
concurrent-ruby (1.3.5) lib/concurrent-ruby/concurrent/executor/ruby_thread_pool_executor.rb:359:in `run_task'
concurrent-ruby (1.3.5) lib/concurrent-ruby/concurrent/executor/ruby_thread_pool_executor.rb:350:in `block (3 levels) in create_worker'
concurrent-ruby (1.3.5) lib/concurrent-ruby/concurrent/executor/ruby_thread_pool_executor.rb:341:in `loop'
concurrent-ruby (1.3.5) lib/concurrent-ruby/concurrent/executor/ruby_thread_pool_executor.rb:341:in `block (2 levels) in create_worker'
concurrent-ruby (1.3.5) lib/concurrent-ruby/concurrent/executor/ruby_thread_pool_executor.rb:340:in `catch'
concurrent-ruby (1.3.5) lib/concurrent-ruby/concurrent/executor/ruby_thread_pool_executor.rb:340:in `block in create_worker'
Started GET "/favicon.ico" for ::1 at 2025-03-07 05:31:50 +0900
  
ActionController::RoutingError (No route matches [GET] "/favicon.ico"):
  
Started GET "/" for ::1 at 2025-03-07 05:32:30 +0900
Processing by HomeController#top as HTML
  Rendering layout layouts/application.html.erb
  Rendering home/top.html.erb within layouts/application
  Rendered home/top.html.erb within layouts/application (Duration: 1.4ms | GC: 0.0ms)
  Rendered layout layouts/application.html.erb (Duration: 115.4ms | GC: 0.0ms)
Completed 200 OK in 130ms (Views: 124.3ms | ActiveRecord: 0.0ms (0 queries, 0 cached) | GC: 0.0ms)


Started GET "/manifest.json" for ::1 at 2025-03-07 05:32:31 +0900
  
ActionController::RoutingError (No route matches [GET] "/manifest.json"):
  
Started GET "/" for ::1 at 2025-03-07 05:33:58 +0900
Processing by HomeController#top as HTML
  Rendering layout layouts/application.html.erb
  Rendering home/top.html.erb within layouts/application
  Rendered home/top.html.erb within layouts/application (Duration: 0.8ms | GC: 0.0ms)
  Rendered layout layouts/application.html.erb (Duration: 64.9ms | GC: 0.0ms)
Completed 200 OK in 76ms (Views: 71.4ms | ActiveRecord: 0.0ms (0 queries, 0 cached) | GC: 0.0ms)


Started GET "/manifest.json" for ::1 at 2025-03-07 05:33:59 +0900
  
ActionController::RoutingError (No route matches [GET] "/manifest.json"):
  
Started GET "/" for ::1 at 2025-03-07 05:40:07 +0900
Processing by HomeController#top as HTML
  Rendering layout layouts/application.html.erb
  Rendering home/top.html.erb within layouts/application
  Rendered home/top.html.erb within layouts/application (Duration: 2.0ms | GC: 0.0ms)
  Rendered layout layouts/application.html.erb (Duration: 45.8ms | GC: 0.0ms)
Completed 200 OK in 57ms (Views: 51.9ms | ActiveRecord: 0.0ms (0 queries, 0 cached) | GC: 0.0ms)


Started GET "/manifest.json" for ::1 at 2025-03-07 05:40:08 +0900
  
ActionController::RoutingError (No route matches [GET] "/manifest.json"):
  
Started POST "/" for ::1 at 2025-03-07 05:40:08 +0900
  
ActionController::RoutingError (No route matches [POST] "/"):
  
Started GET "/" for ::1 at 2025-03-07 05:40:09 +0900
Processing by HomeController#top as HTML
  Rendering layout layouts/application.html.erb
  Rendering home/top.html.erb within layouts/application
  Rendered home/top.html.erb within layouts/application (Duration: 1.5ms | GC: 0.0ms)
  Rendered layout layouts/application.html.erb (Duration: 9.2ms | GC: 0.0ms)
Completed 200 OK in 13ms (Views: 10.0ms | ActiveRecord: 0.0ms (0 queries, 0 cached) | GC: 0.0ms)


Started GET "/manifest.json" for ::1 at 2025-03-07 05:40:09 +0900
  
ActionController::RoutingError (No route matches [GET] "/manifest.json"):
  
Started POST "/" for ::1 at 2025-03-07 05:40:09 +0900
  
ActionController::RoutingError (No route matches [POST] "/"):
  
Started GET "/" for ::1 at 2025-03-07 05:40:09 +0900
Processing by HomeController#top as HTML
  Rendering layout layouts/application.html.erb
  Rendering home/top.html.erb within layouts/application
  Rendered home/top.html.erb within layouts/application (Duration: 1.6ms | GC: 0.0ms)
  Rendered layout layouts/application.html.erb (Duration: 6.4ms | GC: 0.0ms)
Completed 200 OK in 11ms (Views: 8.3ms | ActiveRecord: 0.0ms (0 queries, 0 cached) | GC: 0.0ms)


Started GET "/manifest.json" for ::1 at 2025-03-07 05:40:09 +0900
  
ActionController::RoutingError (No route matches [GET] "/manifest.json"):
  
Started POST "/" for ::1 at 2025-03-07 05:40:11 +0900
  
ActionController::RoutingError (No route matches [POST] "/"):
  
Started GET "/" for ::1 at 2025-03-07 05:40:11 +0900
Processing by HomeController#top as HTML
  Rendering layout layouts/application.html.erb
  Rendering home/top.html.erb within layouts/application
  Rendered home/top.html.erb within layouts/application (Duration: 1.2ms | GC: 0.0ms)
  Rendered layout layouts/application.html.erb (Duration: 6.0ms | GC: 0.0ms)
Completed 200 OK in 11ms (Views: 6.8ms | ActiveRecord: 0.0ms (0 queries, 0 cached) | GC: 0.0ms)


Started GET "/manifest.json" for ::1 at 2025-03-07 05:40:11 +0900
  
ActionController::RoutingError (No route matches [GET] "/manifest.json"):
  
Started POST "/" for ::1 at 2025-03-07 05:40:12 +0900
  
ActionController::RoutingError (No route matches [POST] "/"):
  
Started GET "/" for ::1 at 2025-03-07 05:40:12 +0900
Processing by HomeController#top as HTML
  Rendering layout layouts/application.html.erb
  Rendering home/top.html.erb within layouts/application
  Rendered home/top.html.erb within layouts/application (Duration: 1.4ms | GC: 0.0ms)
  Rendered layout layouts/application.html.erb (Duration: 7.5ms | GC: 0.0ms)
Completed 200 OK in 13ms (Views: 8.4ms | ActiveRecord: 0.0ms (0 queries, 0 cached) | GC: 0.0ms)


Started GET "/manifest.json" for ::1 at 2025-03-07 05:40:12 +0900
  
ActionController::RoutingError (No route matches [GET] "/manifest.json"):
  
  [1m[36mActiveRecord::InternalMetadata Load (0.2ms)[0m  [1m[34mSELECT * FROM "ar_internal_metadata" WHERE "ar_internal_metadata"."key" = ? ORDER BY "ar_internal_metadata"."key" ASC LIMIT 1[0m  [[nil, "environment"]]
  [1m[36mActiveRecord::InternalMetadata Create (2.7ms)[0m  [1m[32mINSERT INTO "ar_internal_metadata" ("key", "value", "created_at", "updated_at") VALUES ('environment', 'development', '2025-03-06 20:47:35.147265', '2025-03-06 20:47:35.147272') RETURNING "key"[0m
  [1m[36mActiveRecord::SchemaMigration Load (0.2ms)[0m  [1m[34mSELECT "schema_migrations"."version" FROM "schema_migrations" ORDER BY "schema_migrations"."version" ASC[0m
Migrating to CreateTodos (20250306204101)
  [1m[36mTRANSACTION (0.1ms)[0m  [1m[36mbegin transaction[0m
  [1m[35m (1.3ms)[0m  [1m[35mCREATE TABLE "todos" ("id" integer PRIMARY KEY AUTOINCREMENT NOT NULL, "content" text, "created_at" datetime(6) NOT NULL, "updated_at" datetime(6) NOT NULL)[0m
  [1m[36mActiveRecord::SchemaMigration Create (0.2ms)[0m  [1m[32mINSERT INTO "schema_migrations" ("version") VALUES ('20250306204101') RETURNING "version"[0m
  [1m[36mTRANSACTION (0.2ms)[0m  [1m[36mcommit transaction[0m
  [1m[36mActiveRecord::SchemaMigration Load (0.0ms)[0m  [1m[34mSELECT "schema_migrations"."version" FROM "schema_migrations" ORDER BY "schema_migrations"."version" ASC[0m
  [1m[36mTRANSACTION (0.1ms)[0m  [1m[36mbegin transaction[0m
  [1m[36mTodo Create (1.0ms)[0m  [1m[32mINSERT INTO "todos" ("content", "created_at", "updated_at") VALUES (?, ?, ?) RETURNING "id"[0m  [["content", "テスト"], ["created_at", "2025-03-06 20:48:05.819206"], ["updated_at", "2025-03-06 20:48:05.819206"]]
  [1m[36mTRANSACTION (19.7ms)[0m  [1m[36mcommit transaction[0m
Started GET "/" for ::1 at 2025-03-07 05:50:17 +0900
  [1m[36mActiveRecord::SchemaMigration Load (0.2ms)[0m  [1m[34mSELECT "schema_migrations"."version" FROM "schema_migrations" ORDER BY "schema_migrations"."version" ASC[0m
Processing by HomeController#top as HTML
  Rendering layout layouts/application.html.erb
  Rendering home/top.html.erb within layouts/application
  [1m[36mTodo Load (1.5ms)[0m  [1m[34mSELECT "todos".* FROM "todos"[0m
  ↳ app/views/home/top.html.erb:6
  Rendered home/top.html.erb within layouts/application (Duration: 14.2ms | GC: 0.0ms)
  Rendered layout layouts/application.html.erb (Duration: 64.1ms | GC: 0.0ms)
Completed 200 OK in 133ms (Views: 67.4ms | ActiveRecord: 2.6ms (1 query, 0 cached) | GC: 0.0ms)


Started GET "/manifest.json" for ::1 at 2025-03-07 05:50:18 +0900
  
ActionController::RoutingError (No route matches [GET] "/manifest.json"):
  
Started GET "/create" for ::1 at 2025-03-07 05:51:52 +0900
Processing by HomeController#create as HTML
  Rendering layout layouts/application.html.erb
  Rendering home/create.html.erb within layouts/application
  Rendered home/create.html.erb within layouts/application (Duration: 0.8ms | GC: 0.0ms)
  Rendered layout layouts/application.html.erb (Duration: 45.8ms | GC: 0.0ms)
Completed 200 OK in 59ms (Views: 53.9ms | ActiveRecord: 0.0ms (0 queries, 0 cached) | GC: 0.0ms)


Started GET "/manifest.json" for ::1 at 2025-03-07 05:51:53 +0900
  
ActionController::RoutingError (No route matches [GET] "/manifest.json"):
  
Started GET "/create" for ::1 at 2025-03-07 05:52:12 +0900
Processing by HomeController#create as HTML
  Rendering layout layouts/application.html.erb
  Rendering home/create.html.erb within layouts/application
  Rendered home/create.html.erb within layouts/application (Duration: 0.9ms | GC: 0.0ms)
  Rendered layout layouts/application.html.erb (Duration: 51.0ms | GC: 0.0ms)
Completed 200 OK in 64ms (Views: 58.5ms | ActiveRecord: 0.0ms (0 queries, 0 cached) | GC: 0.0ms)


Started GET "/manifest.json" for ::1 at 2025-03-07 05:52:13 +0900
  
ActionController::RoutingError (No route matches [GET] "/manifest.json"):
  
Started GET "/" for ::1 at 2025-03-07 05:52:18 +0900
Processing by HomeController#top as HTML
  Rendering layout layouts/application.html.erb
  Rendering home/top.html.erb within layouts/application
  [1m[36mTodo Load (1.8ms)[0m  [1m[34mSELECT "todos".* FROM "todos"[0m
  ↳ app/views/home/top.html.erb:6
  Rendered home/top.html.erb within layouts/application (Duration: 12.1ms | GC: 0.0ms)
  Rendered layout layouts/application.html.erb (Duration: 17.5ms | GC: 0.0ms)
Completed 200 OK in 25ms (Views: 16.4ms | ActiveRecord: 2.1ms (1 query, 0 cached) | GC: 0.0ms)


Started GET "/manifest.json" for ::1 at 2025-03-07 05:52:18 +0900
  
ActionController::RoutingError (No route matches [GET] "/manifest.json"):
  
Started GET "/top" for ::1 at 2025-03-07 05:52:24 +0900
  
ActionController::RoutingError (No route matches [GET] "/top"):
  
Started GET "/favicon.ico" for ::1 at 2025-03-07 05:52:24 +0900
  
ActionController::RoutingError (No route matches [GET] "/favicon.ico"):
  
Started GET "/" for ::1 at 2025-03-07 05:52:26 +0900
Processing by HomeController#top as HTML
  Rendering layout layouts/application.html.erb
  Rendering home/top.html.erb within layouts/application
  [1m[36mTodo Load (0.1ms)[0m  [1m[34mSELECT "todos".* FROM "todos"[0m
  ↳ app/views/home/top.html.erb:6
  Rendered home/top.html.erb within layouts/application (Duration: 3.4ms | GC: 0.0ms)
  Rendered layout layouts/application.html.erb (Duration: 8.7ms | GC: 0.0ms)
Completed 200 OK in 12ms (Views: 9.5ms | ActiveRecord: 0.1ms (1 query, 0 cached) | GC: 0.0ms)


Started GET "/manifest.json" for ::1 at 2025-03-07 05:52:27 +0900
  
ActionController::RoutingError (No route matches [GET] "/manifest.json"):
  
Started POST "/" for ::1 at 2025-03-07 05:52:28 +0900
  
ActionController::RoutingError (No route matches [POST] "/"):
  
Started GET "/" for ::1 at 2025-03-07 05:52:28 +0900
Processing by HomeController#top as HTML
  Rendering layout layouts/application.html.erb
  Rendering home/top.html.erb within layouts/application
  [1m[36mTodo Load (0.1ms)[0m  [1m[34mSELECT "todos".* FROM "todos"[0m
  ↳ app/views/home/top.html.erb:6
  Rendered home/top.html.erb within layouts/application (Duration: 3.6ms | GC: 0.0ms)
  Rendered layout layouts/application.html.erb (Duration: 8.2ms | GC: 0.0ms)
Completed 200 OK in 11ms (Views: 8.8ms | ActiveRecord: 0.1ms (1 query, 0 cached) | GC: 0.0ms)


Started GET "/manifest.json" for ::1 at 2025-03-07 05:52:28 +0900
  
ActionController::RoutingError (No route matches [GET] "/manifest.json"):
  
Started GET "/" for ::1 at 2025-03-07 06:00:37 +0900
Processing by HomeController#top as HTML
  Rendering layout layouts/application.html.erb
  Rendering home/top.html.erb within layouts/application
  [1m[36mTodo Load (2.3ms)[0m  [1m[34mSELECT "todos".* FROM "todos"[0m
  ↳ app/views/home/top.html.erb:2
  Rendered home/top.html.erb within layouts/application (Duration: 8.2ms | GC: 0.0ms)
  Rendered layout layouts/application.html.erb (Duration: 46.7ms | GC: 0.0ms)
Completed 200 OK in 63ms (Views: 52.2ms | ActiveRecord: 2.3ms (1 query, 0 cached) | GC: 0.0ms)


Started GET "/manifest.json" for ::1 at 2025-03-07 06:00:38 +0900
  
ActionController::RoutingError (No route matches [GET] "/manifest.json"):
  
Started GET "/create" for ::1 at 2025-03-07 06:00:43 +0900
Processing by HomeController#create as HTML
  Rendering layout layouts/application.html.erb
  Rendering home/create.html.erb within layouts/application
  Rendered home/create.html.erb within layouts/application (Duration: 2.0ms | GC: 0.0ms)
  Rendered layout layouts/application.html.erb (Duration: 8.1ms | GC: 0.0ms)
Completed 200 OK in 13ms (Views: 9.1ms | ActiveRecord: 0.0ms (0 queries, 0 cached) | GC: 0.0ms)


Started GET "/manifest.json" for ::1 at 2025-03-07 06:00:43 +0900
  
ActionController::RoutingError (No route matches [GET] "/manifest.json"):
  
Started POST "/home/create" for ::1 at 2025-03-07 06:00:45 +0900
  
ActionController::RoutingError (No route matches [POST] "/home/create"):
  
Started GET "/create" for ::1 at 2025-03-07 06:00:46 +0900
Processing by HomeController#create as HTML
  Rendering layout layouts/application.html.erb
  Rendering home/create.html.erb within layouts/application
  Rendered home/create.html.erb within layouts/application (Duration: 1.1ms | GC: 0.0ms)
  Rendered layout layouts/application.html.erb (Duration: 5.9ms | GC: 0.0ms)
Completed 200 OK in 9ms (Views: 6.6ms | ActiveRecord: 0.0ms (0 queries, 0 cached) | GC: 0.0ms)


Started GET "/manifest.json" for ::1 at 2025-03-07 06:00:46 +0900
  
ActionController::RoutingError (No route matches [GET] "/manifest.json"):
  
Started GET "/create" for ::1 at 2025-03-07 06:03:40 +0900
Processing by HomeController#create as HTML
  Rendering layout layouts/application.html.erb
  Rendering home/create.html.erb within layouts/application
  Rendered home/create.html.erb within layouts/application (Duration: 1.6ms | GC: 0.0ms)
  Rendered layout layouts/application.html.erb (Duration: 29.2ms | GC: 0.0ms)
Completed 200 OK in 41ms (Views: 36.7ms | ActiveRecord: 0.0ms (0 queries, 0 cached) | GC: 0.0ms)


Started GET "/manifest.json" for ::1 at 2025-03-07 06:03:40 +0900
  
ActionController::RoutingError (No route matches [GET] "/manifest.json"):
  
Started POST "/register" for ::1 at 2025-03-07 06:03:42 +0900
Processing by HomeController#register as TURBO_STREAM
  Parameters: {"authenticity_token"=>"[FILTERED]", "content"=>"ああ"}
  [1m[36mTRANSACTION (0.1ms)[0m  [1m[36mbegin transaction[0m
  ↳ app/controllers/home_controller.rb:11:in `register'
  [1m[36mTodo Create (2.3ms)[0m  [1m[32mINSERT INTO "todos" ("content", "created_at", "updated_at") VALUES (?, ?, ?) RETURNING "id"[0m  [["content", "ああ"], ["created_at", "2025-03-06 21:03:42.783840"], ["updated_at", "2025-03-06 21:03:42.783840"]]
  ↳ app/controllers/home_controller.rb:11:in `register'
  [1m[36mTRANSACTION (2.0ms)[0m  [1m[36mcommit transaction[0m
  ↳ app/controllers/home_controller.rb:11:in `register'
Redirected to http://localhost:3000/
Completed 302 Found in 29ms (ActiveRecord: 8.0ms (1 query, 0 cached) | GC: 0.0ms)


Started GET "/" for ::1 at 2025-03-07 06:03:42 +0900
Processing by HomeController#top as TURBO_STREAM
  Rendering layout layouts/application.html.erb
  Rendering home/top.html.erb within layouts/application
  [1m[36mTodo Load (0.2ms)[0m  [1m[34mSELECT "todos".* FROM "todos"[0m
  ↳ app/views/home/top.html.erb:2
  Rendered home/top.html.erb within layouts/application (Duration: 3.8ms | GC: 0.0ms)
  Rendered layout layouts/application.html.erb (Duration: 10.1ms | GC: 0.0ms)
Completed 200 OK in 16ms (Views: 10.9ms | ActiveRecord: 0.2ms (1 query, 0 cached) | GC: 0.0ms)


Started GET "/" for ::1 at 2025-03-07 06:04:29 +0900
Processing by HomeController#top as HTML
  Rendering layout layouts/application.html.erb
  Rendering home/top.html.erb within layouts/application
  [1m[36mTodo Load (2.3ms)[0m  [1m[34mSELECT "todos".* FROM "todos"[0m
  ↳ app/views/home/top.html.erb:3
  Rendered home/top.html.erb within layouts/application (Duration: 9.7ms | GC: 0.0ms)
  Rendered layout layouts/application.html.erb (Duration: 46.6ms | GC: 0.0ms)
Completed 200 OK in 62ms (Views: 51.2ms | ActiveRecord: 2.8ms (1 query, 0 cached) | GC: 0.0ms)


Started GET "/manifest.json" for ::1 at 2025-03-07 06:04:30 +0900
  
ActionController::RoutingError (No route matches [GET] "/manifest.json"):
  
Started GET "/create" for ::1 at 2025-03-07 06:04:30 +0900
Processing by HomeController#create as HTML
  Rendering layout layouts/application.html.erb
  Rendering home/create.html.erb within layouts/application
  Rendered home/create.html.erb within layouts/application (Duration: 1.5ms | GC: 0.0ms)
  Rendered layout layouts/application.html.erb (Duration: 6.0ms | GC: 0.0ms)
Completed 200 OK in 11ms (Views: 6.7ms | ActiveRecord: 0.0ms (0 queries, 0 cached) | GC: 0.0ms)


Started GET "/" for ::1 at 2025-03-07 06:04:31 +0900
Processing by HomeController#top as HTML
  Rendering layout layouts/application.html.erb
  Rendering home/top.html.erb within layouts/application
  [1m[36mTodo Load (0.1ms)[0m  [1m[34mSELECT "todos".* FROM "todos"[0m
  ↳ app/views/home/top.html.erb:3
  Rendered home/top.html.erb within layouts/application (Duration: 2.4ms | GC: 0.0ms)
  Rendered layout layouts/application.html.erb (Duration: 7.3ms | GC: 0.0ms)
Completed 200 OK in 11ms (Views: 8.0ms | ActiveRecord: 0.1ms (1 query, 0 cached) | GC: 0.0ms)


Started GET "/create" for ::1 at 2025-03-07 06:04:31 +0900
Processing by HomeController#create as HTML
  Rendering layout layouts/application.html.erb
  Rendering home/create.html.erb within layouts/application
  Rendered home/create.html.erb within layouts/application (Duration: 1.2ms | GC: 0.0ms)
  Rendered layout layouts/application.html.erb (Duration: 5.5ms | GC: 0.0ms)
Completed 200 OK in 9ms (Views: 6.2ms | ActiveRecord: 0.0ms (0 queries, 0 cached) | GC: 0.0ms)


Started GET "/create" for ::1 at 2025-03-07 06:04:32 +0900
Processing by HomeController#create as HTML
  Rendering layout layouts/application.html.erb
  Rendering home/create.html.erb within layouts/application
  Rendered home/create.html.erb within layouts/application (Duration: 1.0ms | GC: 0.0ms)
  Rendered layout layouts/application.html.erb (Duration: 5.5ms | GC: 0.0ms)
Completed 200 OK in 9ms (Views: 6.5ms | ActiveRecord: 0.0ms (0 queries, 0 cached) | GC: 0.0ms)


Started POST "/register" for ::1 at 2025-03-07 06:04:36 +0900
Processing by HomeController#register as TURBO_STREAM
  Parameters: {"authenticity_token"=>"[FILTERED]", "content"=>"こんにちは"}
  [1m[36mTRANSACTION (0.1ms)[0m  [1m[36mbegin transaction[0m
  ↳ app/controllers/home_controller.rb:11:in `register'
  [1m[36mTodo Create (1.9ms)[0m  [1m[32mINSERT INTO "todos" ("content", "created_at", "updated_at") VALUES (?, ?, ?) RETURNING "id"[0m  [["content", "こんにちは"], ["created_at", "2025-03-06 21:04:36.400126"], ["updated_at", "2025-03-06 21:04:36.400126"]]
  ↳ app/controllers/home_controller.rb:11:in `register'
  [1m[36mTRANSACTION (1.5ms)[0m  [1m[36mcommit transaction[0m
  ↳ app/controllers/home_controller.rb:11:in `register'
Redirected to http://localhost:3000/
Completed 302 Found in 11ms (ActiveRecord: 3.4ms (1 query, 0 cached) | GC: 0.0ms)


Started GET "/" for ::1 at 2025-03-07 06:04:36 +0900
Processing by HomeController#top as TURBO_STREAM
  Rendering layout layouts/application.html.erb
  Rendering home/top.html.erb within layouts/application
  [1m[36mTodo Load (0.1ms)[0m  [1m[34mSELECT "todos".* FROM "todos"[0m
  ↳ app/views/home/top.html.erb:3
  Rendered home/top.html.erb within layouts/application (Duration: 2.7ms | GC: 0.0ms)
  Rendered layout layouts/application.html.erb (Duration: 7.4ms | GC: 0.0ms)
Completed 200 OK in 10ms (Views: 8.0ms | ActiveRecord: 0.1ms (1 query, 0 cached) | GC: 0.0ms)


Started GET "/" for ::1 at 2025-03-07 06:06:27 +0900
Processing by HomeController#top as HTML
  Rendering layout layouts/application.html.erb
  Rendering home/top.html.erb within layouts/application
  [1m[36mTodo Load (0.1ms)[0m  [1m[34mSELECT "todos".* FROM "todos"[0m
  ↳ app/views/home/top.html.erb:3
  Rendered home/top.html.erb within layouts/application (Duration: 2.7ms | GC: 0.0ms)
  Rendered layout layouts/application.html.erb (Duration: 8.2ms | GC: 0.0ms)
Completed 200 OK in 12ms (Views: 9.3ms | ActiveRecord: 0.1ms (1 query, 0 cached) | GC: 0.0ms)


Started GET "/manifest.json" for ::1 at 2025-03-07 06:06:27 +0900
  
ActionController::RoutingError (No route matches [GET] "/manifest.json"):
  
Started GET "/create" for ::1 at 2025-03-07 06:06:40 +0900
Processing by HomeController#create as HTML
  Rendering layout layouts/application.html.erb
  Rendering home/create.html.erb within layouts/application
  Rendered home/create.html.erb within layouts/application (Duration: 1.0ms | GC: 0.0ms)
  Rendered layout layouts/application.html.erb (Duration: 5.7ms | GC: 0.0ms)
Completed 200 OK in 10ms (Views: 6.4ms | ActiveRecord: 0.0ms (0 queries, 0 cached) | GC: 0.0ms)


Started GET "/" for ::1 at 2025-03-07 06:06:40 +0900
Processing by HomeController#top as HTML
  Rendering layout layouts/application.html.erb
  Rendering home/top.html.erb within layouts/application
  [1m[36mTodo Load (0.1ms)[0m  [1m[34mSELECT "todos".* FROM "todos"[0m
  ↳ app/views/home/top.html.erb:3
  Rendered home/top.html.erb within layouts/application (Duration: 4.1ms | GC: 0.0ms)
  Rendered layout layouts/application.html.erb (Duration: 12.1ms | GC: 0.0ms)
Completed 200 OK in 17ms (Views: 12.9ms | ActiveRecord: 0.1ms (1 query, 0 cached) | GC: 0.0ms)


Started GET "/" for ::1 at 2025-03-07 06:06:43 +0900
Processing by HomeController#top as HTML
  Rendering layout layouts/application.html.erb
  Rendering home/top.html.erb within layouts/application
  [1m[36mTodo Load (0.2ms)[0m  [1m[34mSELECT "todos".* FROM "todos"[0m
  ↳ app/views/home/top.html.erb:3
  Rendered home/top.html.erb within layouts/application (Duration: 2.7ms | GC: 0.0ms)
  Rendered layout layouts/application.html.erb (Duration: 8.5ms | GC: 0.0ms)
Completed 200 OK in 12ms (Views: 9.1ms | ActiveRecord: 0.1ms (1 query, 0 cached) | GC: 0.0ms)


Started GET "/create" for ::1 at 2025-03-07 06:06:43 +0900
Processing by HomeController#create as HTML
  Rendering layout layouts/application.html.erb
  Rendering home/create.html.erb within layouts/application
  Rendered home/create.html.erb within layouts/application (Duration: 1.0ms | GC: 0.0ms)
  Rendered layout layouts/application.html.erb (Duration: 6.0ms | GC: 0.0ms)
Completed 200 OK in 10ms (Views: 7.3ms | ActiveRecord: 0.0ms (0 queries, 0 cached) | GC: 0.0ms)


Started GET "/create" for ::1 at 2025-03-07 06:06:44 +0900
Processing by HomeController#create as HTML
  Rendering layout layouts/application.html.erb
  Rendering home/create.html.erb within layouts/application
  Rendered home/create.html.erb within layouts/application (Duration: 1.6ms | GC: 0.0ms)
  Rendered layout layouts/application.html.erb (Duration: 8.8ms | GC: 0.0ms)
Completed 200 OK in 13ms (Views: 9.6ms | ActiveRecord: 0.0ms (0 queries, 0 cached) | GC: 0.0ms)


Started GET "/" for ::1 at 2025-03-07 06:06:44 +0900
Processing by HomeController#top as HTML
  Rendering layout layouts/application.html.erb
  Rendering home/top.html.erb within layouts/application
  [1m[36mTodo Load (0.1ms)[0m  [1m[34mSELECT "todos".* FROM "todos"[0m
  ↳ app/views/home/top.html.erb:3
  Rendered home/top.html.erb within layouts/application (Duration: 2.2ms | GC: 0.0ms)
  Rendered layout layouts/application.html.erb (Duration: 7.5ms | GC: 0.0ms)
Completed 200 OK in 12ms (Views: 8.4ms | ActiveRecord: 0.1ms (1 query, 0 cached) | GC: 0.0ms)


Started GET "/create" for ::1 at 2025-03-07 06:06:45 +0900
Processing by HomeController#create as HTML
  Rendering layout layouts/application.html.erb
  Rendering home/create.html.erb within layouts/application
  Rendered home/create.html.erb within layouts/application (Duration: 1.1ms | GC: 0.0ms)
  Rendered layout layouts/application.html.erb (Duration: 9.0ms | GC: 0.0ms)
Completed 200 OK in 13ms (Views: 10.6ms | ActiveRecord: 0.0ms (0 queries, 0 cached) | GC: 0.0ms)


Started GET "/" for ::1 at 2025-03-07 06:06:54 +0900
Processing by HomeController#top as HTML
  Rendering layout layouts/application.html.erb
  Rendering home/top.html.erb within layouts/application
  [1m[36mTodo Load (1.8ms)[0m  [1m[34mSELECT "todos".* FROM "todos"[0m
  ↳ app/views/home/top.html.erb:3
  Rendered home/top.html.erb within layouts/application (Duration: 9.0ms | GC: 0.0ms)
  Rendered layout layouts/application.html.erb (Duration: 42.1ms | GC: 0.0ms)
Completed 200 OK in 56ms (Views: 45.9ms | ActiveRecord: 2.3ms (1 query, 0 cached) | GC: 0.0ms)


Started GET "/manifest.json" for ::1 at 2025-03-07 06:06:55 +0900
  
ActionController::RoutingError (No route matches [GET] "/manifest.json"):
  
Started GET "/create" for ::1 at 2025-03-07 06:06:55 +0900
Processing by HomeController#create as HTML
  Rendering layout layouts/application.html.erb
  Rendering home/create.html.erb within layouts/application
  Rendered home/create.html.erb within layouts/application (Duration: 1.6ms | GC: 0.0ms)
  Rendered layout layouts/application.html.erb (Duration: 8.0ms | GC: 0.0ms)
Completed 200 OK in 13ms (Views: 8.7ms | ActiveRecord: 0.0ms (0 queries, 0 cached) | GC: 0.0ms)


Started GET "/create" for ::1 at 2025-03-07 16:47:49 +0900
  [1m[36mActiveRecord::SchemaMigration Load (0.3ms)[0m  [1m[34mSELECT "schema_migrations"."version" FROM "schema_migrations" ORDER BY "schema_migrations"."version" ASC[0m
Processing by HomeController#create as HTML
  Rendering layout layouts/application.html.erb
  Rendering home/create.html.erb within layouts/application
  Rendered home/create.html.erb within layouts/application (Duration: 4.3ms | GC: 0.0ms)
  Rendered layout layouts/application.html.erb (Duration: 115.6ms | GC: 0.0ms)
Completed 200 OK in 221ms (Views: 133.1ms | ActiveRecord: 0.0ms (0 queries, 0 cached) | GC: 0.0ms)


Started GET "/manifest.json" for ::1 at 2025-03-07 16:47:50 +0900
  
ActionController::RoutingError (No route matches [GET] "/manifest.json"):
  
Started GET "/" for ::1 at 2025-03-07 16:47:52 +0900
Processing by HomeController#top as HTML
  Rendering layout layouts/application.html.erb
  Rendering home/top.html.erb within layouts/application
  [1m[36mTodo Load (2.3ms)[0m  [1m[34mSELECT "todos".* FROM "todos"[0m
  ↳ app/views/home/top.html.erb:3
  Rendered home/top.html.erb within layouts/application (Duration: 20.7ms | GC: 0.0ms)
  Rendered layout layouts/application.html.erb (Duration: 43.0ms | GC: 0.0ms)
Completed 200 OK in 83ms (Views: 39.9ms | ActiveRecord: 4.1ms (1 query, 0 cached) | GC: 0.0ms)


Started GET "/manifest.json" for ::1 at 2025-03-07 16:47:52 +0900
  
ActionController::RoutingError (No route matches [GET] "/manifest.json"):
  
Started GET "/create" for ::1 at 2025-03-07 16:48:04 +0900
Processing by HomeController#create as HTML
  Rendering layout layouts/application.html.erb
  Rendering home/create.html.erb within layouts/application
  Rendered home/create.html.erb within layouts/application (Duration: 1.2ms | GC: 0.0ms)
  Rendered layout layouts/application.html.erb (Duration: 5.9ms | GC: 0.0ms)
Completed 200 OK in 10ms (Views: 6.6ms | ActiveRecord: 0.0ms (0 queries, 0 cached) | GC: 0.0ms)


Started GET "/create" for ::1 at 2025-03-07 16:48:06 +0900
Processing by HomeController#create as HTML
  Rendering layout layouts/application.html.erb
  Rendering home/create.html.erb within layouts/application
  Rendered home/create.html.erb within layouts/application (Duration: 1.3ms | GC: 0.0ms)
  Rendered layout layouts/application.html.erb (Duration: 6.6ms | GC: 0.0ms)
Completed 200 OK in 10ms (Views: 7.3ms | ActiveRecord: 0.0ms (0 queries, 0 cached) | GC: 0.0ms)


Started GET "/" for ::1 at 2025-03-07 16:48:06 +0900
Processing by HomeController#top as HTML
  Rendering layout layouts/application.html.erb
  Rendering home/top.html.erb within layouts/application
  [1m[36mTodo Load (0.2ms)[0m  [1m[34mSELECT "todos".* FROM "todos"[0m
  ↳ app/views/home/top.html.erb:3
  Rendered home/top.html.erb within layouts/application (Duration: 3.5ms | GC: 0.0ms)
  Rendered layout layouts/application.html.erb (Duration: 8.9ms | GC: 0.0ms)
Completed 200 OK in 12ms (Views: 9.6ms | ActiveRecord: 0.2ms (1 query, 0 cached) | GC: 0.0ms)


Started GET "/create" for ::1 at 2025-03-07 16:48:07 +0900
Processing by HomeController#create as HTML
  Rendering layout layouts/application.html.erb
  Rendering home/create.html.erb within layouts/application
  Rendered home/create.html.erb within layouts/application (Duration: 1.1ms | GC: 0.0ms)
  Rendered layout layouts/application.html.erb (Duration: 7.8ms | GC: 0.0ms)
Completed 200 OK in 12ms (Views: 8.7ms | ActiveRecord: 0.0ms (0 queries, 0 cached) | GC: 0.0ms)


Started GET "/" for ::1 at 2025-03-07 16:50:09 +0900
Processing by HomeController#top as HTML
  Rendering layout layouts/application.html.erb
  Rendering home/top.html.erb within layouts/application
  [1m[36mTodo Load (2.3ms)[0m  [1m[34mSELECT "todos".* FROM "todos"[0m
  ↳ app/views/home/top.html.erb:3
  Rendered home/top.html.erb within layouts/application (Duration: 11.5ms | GC: 0.0ms)
  Rendered layout layouts/application.html.erb (Duration: 43.1ms | GC: 0.0ms)
Completed 200 OK in 58ms (Views: 45.9ms | ActiveRecord: 3.4ms (1 query, 0 cached) | GC: 0.0ms)


Started GET "/manifest.json" for ::1 at 2025-03-07 16:50:10 +0900
  
ActionController::RoutingError (No route matches [GET] "/manifest.json"):
  
Started GET "/create" for ::1 at 2025-03-07 16:50:21 +0900
Processing by HomeController#create as HTML
  Rendering layout layouts/application.html.erb
  Rendering home/create.html.erb within layouts/application
  Rendered home/create.html.erb within layouts/application (Duration: 2.1ms | GC: 0.0ms)
  Rendered layout layouts/application.html.erb (Duration: 8.9ms | GC: 0.0ms)
Completed 200 OK in 15ms (Views: 10.0ms | ActiveRecord: 0.0ms (0 queries, 0 cached) | GC: 0.0ms)


Started GET "/" for ::1 at 2025-03-07 16:50:21 +0900
Processing by HomeController#top as HTML
  Rendering layout layouts/application.html.erb
  Rendering home/top.html.erb within layouts/application
  [1m[36mTodo Load (0.1ms)[0m  [1m[34mSELECT "todos".* FROM "todos"[0m
  ↳ app/views/home/top.html.erb:3
  Rendered home/top.html.erb within layouts/application (Duration: 2.9ms | GC: 0.0ms)
  Rendered layout layouts/application.html.erb (Duration: 10.4ms | GC: 0.0ms)
Completed 200 OK in 16ms (Views: 11.4ms | ActiveRecord: 0.1ms (1 query, 0 cached) | GC: 0.0ms)


Started GET "/" for ::1 at 2025-03-07 16:50:23 +0900
Processing by HomeController#top as HTML
  Rendering layout layouts/application.html.erb
  Rendering home/top.html.erb within layouts/application
  [1m[36mTodo Load (0.1ms)[0m  [1m[34mSELECT "todos".* FROM "todos"[0m
  ↳ app/views/home/top.html.erb:3
  Rendered home/top.html.erb within layouts/application (Duration: 3.1ms | GC: 0.0ms)
  Rendered layout layouts/application.html.erb (Duration: 8.7ms | GC: 0.0ms)
Completed 200 OK in 12ms (Views: 9.4ms | ActiveRecord: 0.1ms (1 query, 0 cached) | GC: 0.0ms)


Started GET "/create" for ::1 at 2025-03-07 16:50:24 +0900
Processing by HomeController#create as HTML
  Rendering layout layouts/application.html.erb
  Rendering home/create.html.erb within layouts/application
  Rendered home/create.html.erb within layouts/application (Duration: 1.2ms | GC: 0.0ms)
  Rendered layout layouts/application.html.erb (Duration: 9.6ms | GC: 0.0ms)
Completed 200 OK in 14ms (Views: 10.7ms | ActiveRecord: 0.0ms (0 queries, 0 cached) | GC: 0.0ms)


Started GET "/" for ::1 at 2025-03-07 16:53:10 +0900
Processing by HomeController#top as HTML
  Rendering layout layouts/application.html.erb
  Rendering home/top.html.erb within layouts/application
  [1m[36mTodo Load (2.1ms)[0m  [1m[34mSELECT "todos".* FROM "todos"[0m
  ↳ app/views/home/top.html.erb:3
  Rendered home/top.html.erb within layouts/application (Duration: 11.1ms | GC: 0.0ms)
  Rendered layout layouts/application.html.erb (Duration: 66.2ms | GC: 0.0ms)
Completed 200 OK in 82ms (Views: 72.1ms | ActiveRecord: 2.8ms (1 query, 0 cached) | GC: 0.0ms)


Started GET "/manifest.json" for ::1 at 2025-03-07 16:53:11 +0900
  
ActionController::RoutingError (No route matches [GET] "/manifest.json"):
  
Started GET "/create" for ::1 at 2025-03-07 16:53:12 +0900
Processing by HomeController#create as HTML
  Rendering layout layouts/application.html.erb
  Rendering home/create.html.erb within layouts/application
  Rendered home/create.html.erb within layouts/application (Duration: 2.8ms | GC: 0.0ms)
  Rendered layout layouts/application.html.erb (Duration: 7.9ms | GC: 0.0ms)
Completed 200 OK in 14ms (Views: 8.9ms | ActiveRecord: 0.0ms (0 queries, 0 cached) | GC: 0.0ms)


Started GET "/" for ::1 at 2025-03-07 16:53:14 +0900
Processing by HomeController#top as HTML
  Rendering layout layouts/application.html.erb
  Rendering home/top.html.erb within layouts/application
  [1m[36mTodo Load (0.1ms)[0m  [1m[34mSELECT "todos".* FROM "todos"[0m
  ↳ app/views/home/top.html.erb:3
  Rendered home/top.html.erb within layouts/application (Duration: 1.9ms | GC: 0.0ms)
  Rendered layout layouts/application.html.erb (Duration: 7.9ms | GC: 0.0ms)
Completed 200 OK in 12ms (Views: 8.5ms | ActiveRecord: 0.1ms (1 query, 0 cached) | GC: 0.0ms)


Started GET "/create" for ::1 at 2025-03-07 16:53:42 +0900
Processing by HomeController#create as HTML
  Rendering layout layouts/application.html.erb
  Rendering home/create.html.erb within layouts/application
  Rendered home/create.html.erb within layouts/application (Duration: 1.8ms | GC: 0.0ms)
  Rendered layout layouts/application.html.erb (Duration: 14.6ms | GC: 0.0ms)
Completed 200 OK in 23ms (Views: 16.3ms | ActiveRecord: 0.0ms (0 queries, 0 cached) | GC: 0.0ms)


Started GET "/" for ::1 at 2025-03-07 16:53:42 +0900
Processing by HomeController#top as HTML
  Rendering layout layouts/application.html.erb
  Rendering home/top.html.erb within layouts/application
  [1m[36mTodo Load (0.2ms)[0m  [1m[34mSELECT "todos".* FROM "todos"[0m
  ↳ app/views/home/top.html.erb:3
  Rendered home/top.html.erb within layouts/application (Duration: 2.8ms | GC: 0.0ms)
  Rendered layout layouts/application.html.erb (Duration: 10.6ms | GC: 0.0ms)
Completed 200 OK in 15ms (Views: 11.3ms | ActiveRecord: 0.1ms (1 query, 0 cached) | GC: 0.0ms)


Started GET "/create" for ::1 at 2025-03-07 16:53:43 +0900
Processing by HomeController#create as HTML
  Rendering layout layouts/application.html.erb
  Rendering home/create.html.erb within layouts/application
  Rendered home/create.html.erb within layouts/application (Duration: 1.3ms | GC: 0.0ms)
  Rendered layout layouts/application.html.erb (Duration: 7.4ms | GC: 0.0ms)
Completed 200 OK in 11ms (Views: 8.3ms | ActiveRecord: 0.0ms (0 queries, 0 cached) | GC: 0.0ms)


